<?xml version="1.0" encoding="UTF-8"?>
<!-- Generated by org.testng.reporters.JUnitReportReporter -->
<testsuite skipped="0" hostname="DESKTOP-LM0VRL3" name="Test.VacationManagementTest" tests="4" failures="0" timestamp="10 nov 2017 19:43:09 GMT" time="76.875" errors="0">
  <testcase name="testLogin" time="14.427" classname="Test.VacationManagementTest"/>
  <testcase name="testCreatingANewUser" time="23.896" classname="Test.VacationManagementTest"/>
  <testcase name="testVerifyPublicInfo" time="10.680" classname="Test.VacationManagementTest"/>
  <testcase name="testDeleteUser" time="27.872" classname="Test.VacationManagementTest"/>
</testsuite> <!-- Test.VacationManagementTest -->
