<?xml version="1.0" encoding="UTF-8"?>
<!-- Generated by org.testng.reporters.JUnitReportReporter -->
<testsuite skipped="0" hostname="DESKTOP-LM0VRL3" name="Test.VacationManagementTest" tests="1" failures="0" timestamp="10 nov 2017 15:42:37 GMT" time="14.551" errors="0">
  <testcase name="test03" time="14.551" classname="Test.VacationManagementTest"/>
</testsuite> <!-- Test.VacationManagementTest -->
