<?xml version="1.0" encoding="UTF-8"?>
<!-- Generated by org.testng.reporters.JUnitReportReporter -->
<testsuite skipped="0" hostname="DESKTOP-LM0VRL3" name="Test.VacationManagementTest" tests="1" failures="0" timestamp="10 nov 2017 20:36:51 GMT" time="28.378" errors="0">
  <testcase name="testCreatingANewUser" time="28.378" classname="Test.VacationManagementTest"/>
</testsuite> <!-- Test.VacationManagementTest -->
