<?xml version="1.0" encoding="UTF-8"?>
<!-- Generated by org.testng.reporters.JUnitReportReporter -->
<testsuite skipped="0" hostname="DESKTOP-LM0VRL3" name="Test.VacationManagementTest" tests="1" failures="0" timestamp="10 nov 2017 04:00:30 GMT" time="3.370" errors="0">
  <testcase name="test01" time="3.370" classname="Test.VacationManagementTest"/>
</testsuite> <!-- Test.VacationManagementTest -->
